#
# There is insufficient memory for the Java Runtime Environment to continue.
# Native memory allocation (malloc) failed to allocate 182896 bytes for Chunk::new
# Possible reasons:
#   The system is out of physical RAM or swap space
#   The process is running with CompressedOops enabled, and the Java Heap may be blocking the growth of the native heap
# Possible solutions:
#   Reduce memory load on the system
#   Increase physical memory or swap space
#   Check if swap backing store is full
#   Decrease Java heap size (-Xmx/-Xms)
#   Decrease number of Java threads
#   Decrease Java thread stack sizes (-Xss)
#   Set larger code cache with -XX:ReservedCodeCacheSize=
#   JVM is running with Unscaled Compressed Oops mode in which the Java heap is
#     placed in the first 4GB address space. The Java Heap base address is the
#     maximum limit for the native heap growth. Please use -XX:HeapBaseMinAddress
#     to set the Java Heap base and to place the Java Heap above 4GB virtual address.
# This output file may be truncated or incomplete.
#
#  Out of Memory Error (arena.cpp:184), pid=16136, tid=15640
#
# JRE version: Java(TM) SE Runtime Environment (20.0.1+9) (build 20.0.1+9-29)
# Java VM: Java HotSpot(TM) 64-Bit Server VM (20.0.1+9-29, mixed mode, sharing, tiered, compressed oops, compressed class ptrs, g1 gc, windows-amd64)
# No core dump will be written. Minidumps are not enabled by default on client versions of Windows
#

---------------  S U M M A R Y ------------

Command Line: -Dfile.encoding=UTF-8 --module-path=C:\Users\admin\Desktop\New Web Development\1.Java\7.JavaProject\HotalManagement\build\classes hotalmanagement.Reception

Host: Intel(R) Core(TM) i3-8130U CPU @ 2.20GHz, 4 cores, 3G,  Windows 10 , 64 bit Build 19041 (10.0.19041.3393)
Time: Tue Oct  3 09:16:53 2023 India Standard Time elapsed time: 0.379283 seconds (0d 0h 0m 0s)

---------------  T H R E A D  ---------------

Current thread (0x0000026d7fb5f640):  JavaThread "C2 CompilerThread0" daemon [_thread_in_native, id=15640, stack(0x000000f88ce00000,0x000000f88cf00000)]


Current CompileTask:
C2:    379  726       4       java.util.HashMap::put (13 bytes)

Stack: [0x000000f88ce00000,0x000000f88cf00000]
Native frames: (J=compiled Java code, j=interpreted, Vv=VM code, C=native code)
V  [jvm.dll+0x6bb95a]
V  [jvm.dll+0x8485fa]
V  [jvm.dll+0x84a1f5]
V  [jvm.dll+0x84a8f3]
V  [jvm.dll+0x280b0f]
V  [jvm.dll+0xc2b11]
V  [jvm.dll+0xc2e35]
V  [jvm.dll+0x3bb142]
V  [jvm.dll+0x3857f5]
V  [jvm.dll+0x384c6a]
V  [jvm.dll+0x24b259]
V  [jvm.dll+0x24a651]
V  [jvm.dll+0x1ce491]
V  [jvm.dll+0x259e1b]
V  [jvm.dll+0x2584f0]
V  [jvm.dll+0x3f2895]
V  [jvm.dll+0x7f4b56]
V  [jvm.dll+0x6ba5cb]
C  [ucrtbase.dll+0x21bb2]
C  [KERNEL32.DLL+0x17344]
C  [ntdll.dll+0x526b1]


---------------  P R O C E S S  ---------------

Threads class SMR info:
_java_thread_list=0x0000026d0635a540, length=16, elements={
0x0000026d65127bd0, 0x0000026d7fb4b6d0, 0x0000026d7fb4c310, 0x0000026d7fb51350,
0x0000026d7fb52ca0, 0x0000026d7fb53920, 0x0000026d7fb55670, 0x0000026d7fb5f640,
0x0000026d7fb6a930, 0x0000026d7fb3c900, 0x0000026d0615a440, 0x0000026d06288770,
0x0000026d062cd5b0, 0x0000026d062d09d0, 0x0000026d0638c550, 0x0000026d0637ba50
}

Java Threads: ( => current thread )
  0x0000026d65127bd0 JavaThread "main" [_thread_in_vm, id=15980, stack(0x000000f88c100000,0x000000f88c200000)]
  0x0000026d7fb4b6d0 JavaThread "Reference Handler" daemon [_thread_blocked, id=16372, stack(0x000000f88c800000,0x000000f88c900000)]
  0x0000026d7fb4c310 JavaThread "Finalizer" daemon [_thread_blocked, id=13876, stack(0x000000f88c900000,0x000000f88ca00000)]
  0x0000026d7fb51350 JavaThread "Signal Dispatcher" daemon [_thread_blocked, id=16052, stack(0x000000f88ca00000,0x000000f88cb00000)]
  0x0000026d7fb52ca0 JavaThread "Attach Listener" daemon [_thread_blocked, id=13824, stack(0x000000f88cb00000,0x000000f88cc00000)]
  0x0000026d7fb53920 JavaThread "Service Thread" daemon [_thread_blocked, id=15500, stack(0x000000f88cc00000,0x000000f88cd00000)]
  0x0000026d7fb55670 JavaThread "Monitor Deflation Thread" daemon [_thread_blocked, id=15396, stack(0x000000f88cd00000,0x000000f88ce00000)]
=>0x0000026d7fb5f640 JavaThread "C2 CompilerThread0" daemon [_thread_in_native, id=15640, stack(0x000000f88ce00000,0x000000f88cf00000)]
  0x0000026d7fb6a930 JavaThread "C1 CompilerThread0" daemon [_thread_blocked, id=11684, stack(0x000000f88cf00000,0x000000f88d000000)]
  0x0000026d7fb3c900 JavaThread "Common-Cleaner" daemon [_thread_blocked, id=14416, stack(0x000000f88d000000,0x000000f88d100000)]
  0x0000026d0615a440 JavaThread "Notification Thread" daemon [_thread_blocked, id=124, stack(0x000000f88d100000,0x000000f88d200000)]
  0x0000026d06288770 JavaThread "Java2D Disposer" daemon [_thread_blocked, id=15668, stack(0x000000f88d300000,0x000000f88d400000)]
  0x0000026d062cd5b0 JavaThread "AWT-Shutdown" [_thread_blocked, id=15256, stack(0x000000f88d400000,0x000000f88d500000)]
  0x0000026d062d09d0 JavaThread "AWT-Windows" daemon [_thread_in_native, id=8072, stack(0x000000f88d500000,0x000000f88d600000)]
  0x0000026d0638c550 JavaThread "Image Fetcher 0" daemon [_thread_blocked, id=16204, stack(0x000000f88d600000,0x000000f88d700000)]
  0x0000026d0637ba50 JavaThread "AWT-EventQueue-0" [_thread_blocked, id=18304, stack(0x000000f88d700000,0x000000f88d800000)]

Other Threads:
  0x0000026d651f0350 VMThread "VM Thread" [stack: 0x000000f88c700000,0x000000f88c800000] [id=15012]
  0x0000026d061a2680 WatcherThread "VM Periodic Task Thread" [stack: 0x000000f88d200000,0x000000f88d300000] [id=15528]
  0x0000026d6516b260 WorkerThread "GC Thread#0" [stack: 0x000000f88c200000,0x000000f88c300000] [id=4588]
  0x0000026d65174050 ConcurrentGCThread "G1 Main Marker" [stack: 0x000000f88c300000,0x000000f88c400000] [id=15636]
  0x0000026d65176230 WorkerThread "G1 Conc#0" [stack: 0x000000f88c400000,0x000000f88c500000] [id=9892]
  0x0000026d651cc340 ConcurrentGCThread "G1 Refine#0" [stack: 0x000000f88c500000,0x000000f88c600000] [id=15684]
  0x0000026d651cf0f0 ConcurrentGCThread "G1 Service" [stack: 0x000000f88c600000,0x000000f88c700000] [id=15672]

Threads with active compile tasks:
C2 CompilerThread0      410  726       4       java.util.HashMap::put (13 bytes)

VM state: not at safepoint (normal execution)

VM Mutex/Monitor currently owned by a thread: None

Heap address: 0x00000000c1600000, size: 1002 MB, Compressed Oops mode: 32-bit

CDS archive(s) mapped at: [0x0000000800000000-0x0000000800c60000-0x0000000800c60000), size 12976128, SharedBaseAddress: 0x0000000800000000, ArchiveRelocationMode: 0.
Compressed class space mapped at: 0x0000000801000000-0x0000000841000000, reserved size: 1073741824
Narrow klass base: 0x0000000800000000, Narrow klass shift: 0, Narrow klass range: 0x100000000

GC Precious Log:
 CardTable entry size: 512
 Card Set container configuration: InlinePtr #cards 5 size 8 Array Of Cards #cards 12 size 40 Howl #buckets 4 coarsen threshold 1843 Howl Bitmap #cards 512 size 80 coarsen threshold 460 Card regions per heap region 1 cards per card region 2048
 CPUs: 4 total, 4 available
 Memory: 4007M
 Large Page Support: Disabled
 NUMA Support: Disabled
 Compressed Oops: Enabled (32-bit)
 Heap Region Size: 1M
 Heap Min Capacity: 8M
 Heap Initial Capacity: 64M
 Heap Max Capacity: 1002M
 Pre-touch: Disabled
 Parallel Workers: 4
 Concurrent Workers: 1
 Concurrent Refinement Workers: 4
 Periodic GC: Disabled

Heap:
 garbage-first heap   total 65536K, used 7168K [0x00000000c1600000, 0x0000000100000000)
  region size 1024K, 8 young (8192K), 0 survivors (0K)
 Metaspace       used 5397K, committed 5568K, reserved 1114112K
  class space    used 584K, committed 704K, reserved 1048576K

Heap Regions: E=young(eden), S=young(survivor), O=old, HS=humongous(starts), HC=humongous(continues), CS=collection set, F=free, OA=open archive, CA=closed archive, TAMS=top-at-mark-start, PB=parsable bottom
|   0|0x00000000c1600000, 0x00000000c1600000, 0x00000000c1700000|  0%| F|  |TAMS 0x00000000c1600000| PB 0x00000000c1600000| Untracked 
|   1|0x00000000c1700000, 0x00000000c1700000, 0x00000000c1800000|  0%| F|  |TAMS 0x00000000c1700000| PB 0x00000000c1700000| Untracked 
|   2|0x00000000c1800000, 0x00000000c1800000, 0x00000000c1900000|  0%| F|  |TAMS 0x00000000c1800000| PB 0x00000000c1800000| Untracked 
|   3|0x00000000c1900000, 0x00000000c1900000, 0x00000000c1a00000|  0%| F|  |TAMS 0x00000000c1900000| PB 0x00000000c1900000| Untracked 
|   4|0x00000000c1a00000, 0x00000000c1a00000, 0x00000000c1b00000|  0%| F|  |TAMS 0x00000000c1a00000| PB 0x00000000c1a00000| Untracked 
|   5|0x00000000c1b00000, 0x00000000c1b00000, 0x00000000c1c00000|  0%| F|  |TAMS 0x00000000c1b00000| PB 0x00000000c1b00000| Untracked 
|   6|0x00000000c1c00000, 0x00000000c1c00000, 0x00000000c1d00000|  0%| F|  |TAMS 0x00000000c1c00000| PB 0x00000000c1c00000| Untracked 
|   7|0x00000000c1d00000, 0x00000000c1d00000, 0x00000000c1e00000|  0%| F|  |TAMS 0x00000000c1d00000| PB 0x00000000c1d00000| Untracked 
|   8|0x00000000c1e00000, 0x00000000c1e00000, 0x00000000c1f00000|  0%| F|  |TAMS 0x00000000c1e00000| PB 0x00000000c1e00000| Untracked 
|   9|0x00000000c1f00000, 0x00000000c1f00000, 0x00000000c2000000|  0%| F|  |TAMS 0x00000000c1f00000| PB 0x00000000c1f00000| Untracked 
|  10|0x00000000c2000000, 0x00000000c2000000, 0x00000000c2100000|  0%| F|  |TAMS 0x00000000c2000000| PB 0x00000000c2000000| Untracked 
|  11|0x00000000c2100000, 0x00000000c2100000, 0x00000000c2200000|  0%| F|  |TAMS 0x00000000c2100000| PB 0x00000000c2100000| Untracked 
|  12|0x00000000c2200000, 0x00000000c2200000, 0x00000000c2300000|  0%| F|  |TAMS 0x00000000c2200000| PB 0x00000000c2200000| Untracked 
|  13|0x00000000c2300000, 0x00000000c2300000, 0x00000000c2400000|  0%| F|  |TAMS 0x00000000c2300000| PB 0x00000000c2300000| Untracked 
|  14|0x00000000c2400000, 0x00000000c2400000, 0x00000000c2500000|  0%| F|  |TAMS 0x00000000c2400000| PB 0x00000000c2400000| Untracked 
|  15|0x00000000c2500000, 0x00000000c2500000, 0x00000000c2600000|  0%| F|  |TAMS 0x00000000c2500000| PB 0x00000000c2500000| Untracked 
|  16|0x00000000c2600000, 0x00000000c2600000, 0x00000000c2700000|  0%| F|  |TAMS 0x00000000c2600000| PB 0x00000000c2600000| Untracked 
|  17|0x00000000c2700000, 0x00000000c2700000, 0x00000000c2800000|  0%| F|  |TAMS 0x00000000c2700000| PB 0x00000000c2700000| Untracked 
|  18|0x00000000c2800000, 0x00000000c2800000, 0x00000000c2900000|  0%| F|  |TAMS 0x00000000c2800000| PB 0x00000000c2800000| Untracked 
|  19|0x00000000c2900000, 0x00000000c2900000, 0x00000000c2a00000|  0%| F|  |TAMS 0x00000000c2900000| PB 0x00000000c2900000| Untracked 
|  20|0x00000000c2a00000, 0x00000000c2a00000, 0x00000000c2b00000|  0%| F|  |TAMS 0x00000000c2a00000| PB 0x00000000c2a00000| Untracked 
|  21|0x00000000c2b00000, 0x00000000c2b00000, 0x00000000c2c00000|  0%| F|  |TAMS 0x00000000c2b00000| PB 0x00000000c2b00000| Untracked 
|  22|0x00000000c2c00000, 0x00000000c2c00000, 0x00000000c2d00000|  0%| F|  |TAMS 0x00000000c2c00000| PB 0x00000000c2c00000| Untracked 
|  23|0x00000000c2d00000, 0x00000000c2d00000, 0x00000000c2e00000|  0%| F|  |TAMS 0x00000000c2d00000| PB 0x00000000c2d00000| Untracked 
|  24|0x00000000c2e00000, 0x00000000c2e00000, 0x00000000c2f00000|  0%| F|  |TAMS 0x00000000c2e00000| PB 0x00000000c2e00000| Untracked 
|  25|0x00000000c2f00000, 0x00000000c2f00000, 0x00000000c3000000|  0%| F|  |TAMS 0x00000000c2f00000| PB 0x00000000c2f00000| Untracked 
|  26|0x00000000c3000000, 0x00000000c3000000, 0x00000000c3100000|  0%| F|  |TAMS 0x00000000c3000000| PB 0x00000000c3000000| Untracked 
|  27|0x00000000c3100000, 0x00000000c3100000, 0x00000000c3200000|  0%| F|  |TAMS 0x00000000c3100000| PB 0x00000000c3100000| Untracked 
|  28|0x00000000c3200000, 0x00000000c3200000, 0x00000000c3300000|  0%| F|  |TAMS 0x00000000c3200000| PB 0x00000000c3200000| Untracked 
|  29|0x00000000c3300000, 0x00000000c3300000, 0x00000000c3400000|  0%| F|  |TAMS 0x00000000c3300000| PB 0x00000000c3300000| Untracked 
|  30|0x00000000c3400000, 0x00000000c3400000, 0x00000000c3500000|  0%| F|  |TAMS 0x00000000c3400000| PB 0x00000000c3400000| Untracked 
|  31|0x00000000c3500000, 0x00000000c3500000, 0x00000000c3600000|  0%| F|  |TAMS 0x00000000c3500000| PB 0x00000000c3500000| Untracked 
|  32|0x00000000c3600000, 0x00000000c3600000, 0x00000000c3700000|  0%| F|  |TAMS 0x00000000c3600000| PB 0x00000000c3600000| Untracked 
|  33|0x00000000c3700000, 0x00000000c3700000, 0x00000000c3800000|  0%| F|  |TAMS 0x00000000c3700000| PB 0x00000000c3700000| Untracked 
|  34|0x00000000c3800000, 0x00000000c3800000, 0x00000000c3900000|  0%| F|  |TAMS 0x00000000c3800000| PB 0x00000000c3800000| Untracked 
|  35|0x00000000c3900000, 0x00000000c3900000, 0x00000000c3a00000|  0%| F|  |TAMS 0x00000000c3900000| PB 0x00000000c3900000| Untracked 
|  36|0x00000000c3a00000, 0x00000000c3a00000, 0x00000000c3b00000|  0%| F|  |TAMS 0x00000000c3a00000| PB 0x00000000c3a00000| Untracked 
|  37|0x00000000c3b00000, 0x00000000c3b00000, 0x00000000c3c00000|  0%| F|  |TAMS 0x00000000c3b00000| PB 0x00000000c3b00000| Untracked 
|  38|0x00000000c3c00000, 0x00000000c3c00000, 0x00000000c3d00000|  0%| F|  |TAMS 0x00000000c3c00000| PB 0x00000000c3c00000| Untracked 
|  39|0x00000000c3d00000, 0x00000000c3d00000, 0x00000000c3e00000|  0%| F|  |TAMS 0x00000000c3d00000| PB 0x00000000c3d00000| Untracked 
|  40|0x00000000c3e00000, 0x00000000c3e00000, 0x00000000c3f00000|  0%| F|  |TAMS 0x00000000c3e00000| PB 0x00000000c3e00000| Untracked 
|  41|0x00000000c3f00000, 0x00000000c3f00000, 0x00000000c4000000|  0%| F|  |TAMS 0x00000000c3f00000| PB 0x00000000c3f00000| Untracked 
|  42|0x00000000c4000000, 0x00000000c4000000, 0x00000000c4100000|  0%| F|  |TAMS 0x00000000c4000000| PB 0x00000000c4000000| Untracked 
|  43|0x00000000c4100000, 0x00000000c4100000, 0x00000000c4200000|  0%| F|  |TAMS 0x00000000c4100000| PB 0x00000000c4100000| Untracked 
|  44|0x00000000c4200000, 0x00000000c4200000, 0x00000000c4300000|  0%| F|  |TAMS 0x00000000c4200000| PB 0x00000000c4200000| Untracked 
|  45|0x00000000c4300000, 0x00000000c4300000, 0x00000000c4400000|  0%| F|  |TAMS 0x00000000c4300000| PB 0x00000000c4300000| Untracked 
|  46|0x00000000c4400000, 0x00000000c4400000, 0x00000000c4500000|  0%| F|  |TAMS 0x00000000c4400000| PB 0x00000000c4400000| Untracked 
|  47|0x00000000c4500000, 0x00000000c4500000, 0x00000000c4600000|  0%| F|  |TAMS 0x00000000c4500000| PB 0x00000000c4500000| Untracked 
|  48|0x00000000c4600000, 0x00000000c4600000, 0x00000000c4700000|  0%| F|  |TAMS 0x00000000c4600000| PB 0x00000000c4600000| Untracked 
|  49|0x00000000c4700000, 0x00000000c4700000, 0x00000000c4800000|  0%| F|  |TAMS 0x00000000c4700000| PB 0x00000000c4700000| Untracked 
|  50|0x00000000c4800000, 0x00000000c4800000, 0x00000000c4900000|  0%| F|  |TAMS 0x00000000c4800000| PB 0x00000000c4800000| Untracked 
|  51|0x00000000c4900000, 0x00000000c4900000, 0x00000000c4a00000|  0%| F|  |TAMS 0x00000000c4900000| PB 0x00000000c4900000| Untracked 
|  52|0x00000000c4a00000, 0x00000000c4a00000, 0x00000000c4b00000|  0%| F|  |TAMS 0x00000000c4a00000| PB 0x00000000c4a00000| Untracked 
|  53|0x00000000c4b00000, 0x00000000c4b00000, 0x00000000c4c00000|  0%| F|  |TAMS 0x00000000c4b00000| PB 0x00000000c4b00000| Untracked 
|  54|0x00000000c4c00000, 0x00000000c4c00000, 0x00000000c4d00000|  0%| F|  |TAMS 0x00000000c4c00000| PB 0x00000000c4c00000| Untracked 
|  55|0x00000000c4d00000, 0x00000000c4d00000, 0x00000000c4e00000|  0%| F|  |TAMS 0x00000000c4d00000| PB 0x00000000c4d00000| Untracked 
|  56|0x00000000c4e00000, 0x00000000c4e86120, 0x00000000c4f00000| 52%| E|  |TAMS 0x00000000c4e00000| PB 0x00000000c4e00000| Complete 
|  57|0x00000000c4f00000, 0x00000000c5000000, 0x00000000c5000000|100%| E|CS|TAMS 0x00000000c4f00000| PB 0x00000000c4f00000| Complete 
|  58|0x00000000c5000000, 0x00000000c5100000, 0x00000000c5100000|100%| E|CS|TAMS 0x00000000c5000000| PB 0x00000000c5000000| Complete 
|  59|0x00000000c5100000, 0x00000000c5200000, 0x00000000c5200000|100%| E|CS|TAMS 0x00000000c5100000| PB 0x00000000c5100000| Complete 
|  60|0x00000000c5200000, 0x00000000c5300000, 0x00000000c5300000|100%| E|CS|TAMS 0x00000000c5200000| PB 0x00000000c5200000| Complete 
|  61|0x00000000c5300000, 0x00000000c5400000, 0x00000000c5400000|100%| E|CS|TAMS 0x00000000c5300000| PB 0x00000000c5300000| Complete 
|  62|0x00000000c5400000, 0x00000000c5500000, 0x00000000c5500000|100%| E|CS|TAMS 0x00000000c5400000| PB 0x00000000c5400000| Complete 
|  63|0x00000000c5500000, 0x00000000c5600000, 0x00000000c5600000|100%| E|CS|TAMS 0x00000000c5500000| PB 0x00000000c5500000| Complete 

Card table byte_map: [0x0000026d7e200000,0x0000026d7e400000] _byte_map_base: 0x0000026d7dbf5000

Marking Bits: (CMBitMap*) 0x0000026d6516b890
 Bits: [0x0000026d7e600000, 0x0000026d7f5a8000)

Polling page: 0x0000026d65200000

Metaspace:

Usage:
  Non-class:      4.71 MB used.
      Class:    585.54 KB used.
       Both:      5.28 MB used.

Virtual space:
  Non-class space:       64.00 MB reserved,       4.81 MB (  8%) committed,  1 nodes.
      Class space:        1.00 GB reserved,     704.00 KB ( <1%) committed,  1 nodes.
             Both:        1.06 GB reserved,       5.50 MB ( <1%) committed. 

Chunk freelists:
   Non-Class:  2.88 MB
       Class:  3.24 MB
        Both:  6.12 MB

MaxMetaspaceSize: unlimited
CompressedClassSpaceSize: 1.00 GB
Initial GC threshold: 21.00 MB
Current GC threshold: 21.00 MB
CDS: on
MetaspaceReclaimPolicy: balanced
 - commit_granule_bytes: 65536.
 - commit_granule_words: 8192.
 - virtual_space_node_default_size: 8388608.
 - enlarge_chunks_in_place: 1.
 - new_chunks_are_fully_committed: 0.
 - uncommit_free_chunks: 1.
 - use_allocation_guard: 0.


Internal statistics:

num_allocs_failed_limit: 0.
num_arena_births: 128.
num_arena_deaths: 0.
num_vsnodes_births: 2.
num_vsnodes_deaths: 0.
num_space_committed: 88.
num_space_uncommitted: 0.
num_chunks_returned_to_freelist: 0.
num_chunks_taken_from_freelist: 149.
num_chunk_merges: 0.
num_chunk_splits: 92.
num_chunks_enlarged: 41.
num_inconsistent_stats: 0.

CodeHeap 'non-profiled nmethods': size=120000Kb used=219Kb max_used=219Kb free=119780Kb
 bounds [0x0000026d764b0000, 0x0000026d76720000, 0x0000026d7d9e0000]
CodeHeap 'profiled nmethods': size=120000Kb used=1145Kb max_used=1145Kb free=118855Kb
 bounds [0x0000026d6e9e0000, 0x0000026d6ec50000, 0x0000026d75f10000]
CodeHeap 'non-nmethods': size=5760Kb used=1535Kb max_used=1535Kb free=4224Kb
 bounds [0x0000026d75f10000, 0x0000026d76180000, 0x0000026d764b0000]
 total_blobs=1323 nmethods=767 adapters=467
 compilation: enabled
              stopped_count=0, restarted_count=0
 full_count=0

Compilation events (20 events):
Event: 0.368 Thread 0x0000026d7fb6a930  706       3       sun.util.locale.LanguageTag::isRegion (36 bytes)
Event: 0.369 Thread 0x0000026d7fb6a930 nmethod 706 0x0000026d6eaf1b10 code [0x0000026d6eaf1e00, 0x0000026d6eaf31a8]
Event: 0.369 Thread 0x0000026d7fb6a930  727       3       java.lang.StringBuilder::append (8 bytes)
Event: 0.369 Thread 0x0000026d7fb6a930 nmethod 727 0x0000026d6eaf3890 code [0x0000026d6eaf3a20, 0x0000026d6eaf3b68]
Event: 0.370 Thread 0x0000026d7fb6a930  723       1       java.lang.Integer::intValue (5 bytes)
Event: 0.370 Thread 0x0000026d7fb6a930 nmethod 723 0x0000026d764e4390 code [0x0000026d764e4500, 0x0000026d764e45c8]
Event: 0.370 Thread 0x0000026d7fb6a930  729       3       java.lang.invoke.LambdaForm::editor (5 bytes)
Event: 0.370 Thread 0x0000026d7fb5f640 nmethod 725 0x0000026d764e4690 code [0x0000026d764e4820, 0x0000026d764e4dc8]
Event: 0.370 Thread 0x0000026d7fb6a930 nmethod 729 0x0000026d6eaf3c10 code [0x0000026d6eaf3dc0, 0x0000026d6eaf40f0]
Event: 0.371 Thread 0x0000026d7fb6a930  730       3       java.lang.invoke.LambdaFormEditor::lambdaFormEditor (12 bytes)
Event: 0.371 Thread 0x0000026d7fb5f640  726       4       java.util.HashMap::put (13 bytes)
Event: 0.371 Thread 0x0000026d7fb6a930 nmethod 730 0x0000026d6eaf4210 code [0x0000026d6eaf43c0, 0x0000026d6eaf4680]
Event: 0.371 Thread 0x0000026d7fb6a930  731       3       java.lang.invoke.LambdaFormEditor$TransformKey::inRange (36 bytes)
Event: 0.371 Thread 0x0000026d7fb6a930 nmethod 731 0x0000026d6eaf4810 code [0x0000026d6eaf49a0, 0x0000026d6eaf4b00]
Event: 0.371 Thread 0x0000026d7fb6a930  732       3       java.lang.invoke.Invokers$Holder::linkToTargetMethod (8 bytes)
Event: 0.371 Thread 0x0000026d7fb6a930 nmethod 732 0x0000026d6eaf4b90 code [0x0000026d6eaf4d40, 0x0000026d6eaf5028]
Event: 0.371 Thread 0x0000026d7fb6a930  733       3       java.lang.invoke.LambdaForm$MH/0x0000000801000800::invoke (8 bytes)
Event: 0.372 Thread 0x0000026d7fb6a930 nmethod 733 0x0000026d6eaf5110 code [0x0000026d6eaf52a0, 0x0000026d6eaf54f0]
Event: 0.372 Thread 0x0000026d7fb6a930  734       3       java.lang.StringUTF16::getChar (60 bytes)
Event: 0.372 Thread 0x0000026d7fb6a930 nmethod 734 0x0000026d6eaf5610 code [0x0000026d6eaf57a0, 0x0000026d6eaf5910]

GC Heap History (0 events):
No events

Dll operation events (8 events):
Event: 0.009 Loaded shared library C:\Program Files\Java\jdk-20\bin\java.dll
Event: 0.020 Loaded shared library C:\Program Files\Java\jdk-20\bin\jsvml.dll
Event: 0.097 Loaded shared library C:\Program Files\Java\jdk-20\bin\net.dll
Event: 0.098 Loaded shared library C:\Program Files\Java\jdk-20\bin\nio.dll
Event: 0.126 Loaded shared library C:\Program Files\Java\jdk-20\bin\zip.dll
Event: 0.143 Loaded shared library C:\Program Files\Java\jdk-20\bin\jimage.dll
Event: 0.160 Loaded shared library C:\Program Files\Java\jdk-20\bin\awt.dll
Event: 0.376 Loaded shared library C:\Program Files\Java\jdk-20\bin\javajpeg.dll

Deoptimization events (8 events):
Event: 0.242 Thread 0x0000026d65127bd0 Uncommon trap: trap_request=0xffffff45 fr.pc=0x0000026d764bf908 relative=0x0000000000000988
Event: 0.242 Thread 0x0000026d65127bd0 Uncommon trap: reason=unstable_if action=reinterpret pc=0x0000026d764bf908 method=java.util.HashMap.putVal(ILjava/lang/Object;Ljava/lang/Object;ZZ)Ljava/lang/Object; @ 236 c2
Event: 0.242 Thread 0x0000026d65127bd0 DEOPT PACKING pc=0x0000026d764bf908 sp=0x000000f88c1fde80
Event: 0.242 Thread 0x0000026d65127bd0 DEOPT UNPACKING pc=0x0000026d75f79d22 sp=0x000000f88c1fde28 mode 2
Event: 0.361 Thread 0x0000026d0638c550 Uncommon trap: trap_request=0xffffff45 fr.pc=0x0000026d764e0bdc relative=0x00000000000006fc
Event: 0.361 Thread 0x0000026d0638c550 Uncommon trap: reason=unstable_if action=reinterpret pc=0x0000026d764e0bdc method=java.util.regex.Matcher.search(I)Z @ 30 c2
Event: 0.361 Thread 0x0000026d0638c550 DEOPT PACKING pc=0x0000026d764e0bdc sp=0x000000f88d6fe4f0
Event: 0.361 Thread 0x0000026d0638c550 DEOPT UNPACKING pc=0x0000026d75f79d22 sp=0x000000f88d6fe4d0 mode 2

Classes loaded (20 events):
Event: 0.313 Loading class sun/net/www/MimeEntry
Event: 0.313 Loading class sun/net/www/MimeEntry done
Event: 0.325 Loading class sun/util/calendar/ZoneInfoFile$Checksum
Event: 0.325 Loading class sun/util/calendar/ZoneInfoFile$Checksum done
Event: 0.328 Loading class jdk/internal/module/ModulePatcher$PatchedModuleReader
Event: 0.328 Loading class jdk/internal/module/ModulePatcher$PatchedModuleReader done
Event: 0.328 Loading class sun/net/www/protocol/jrt/Handler
Event: 0.328 Loading class sun/net/www/protocol/jrt/Handler done
Event: 0.363 Loading class sun/text/resources/cldr/FormatData_en
Event: 0.364 Loading class sun/text/resources/cldr/FormatData_en done
Event: 0.364 Loading class sun/text/resources/cldr/FormatData_en_US
Event: 0.364 Loading class sun/text/resources/cldr/FormatData_en_US done
Event: 0.370 Loading class java/lang/invoke/MethodHandle$1
Event: 0.370 Loading class java/lang/invoke/MethodHandle$1 done
Event: 0.374 Loading class sun/awt/image/JPEGImageDecoder
Event: 0.374 Loading class sun/awt/image/ImageDecoder
Event: 0.375 Loading class sun/awt/image/ImageDecoder done
Event: 0.375 Loading class sun/awt/image/JPEGImageDecoder done
Event: 0.375 Loading class sun/awt/image/JPEGImageDecoder$1
Event: 0.375 Loading class sun/awt/image/JPEGImageDecoder$1 done

Classes unloaded (0 events):
No events

Classes redefined (0 events):
No events

Internal exceptions (12 events):
Event: 0.101 Thread 0x0000026d65127bd0 Exception <a 'sun/nio/fs/WindowsException'{0x00000000c543f370}> (0x00000000c543f370) 
thrown [s\open\src\hotspot\share\prims\jni.cpp, line 519]
Event: 0.103 Thread 0x0000026d65127bd0 Exception <a 'sun/nio/fs/WindowsException'{0x00000000c5441b38}> (0x00000000c5441b38) 
thrown [s\open\src\hotspot\share\prims\jni.cpp, line 519]
Event: 0.103 Thread 0x0000026d65127bd0 Exception <a 'sun/nio/fs/WindowsException'{0x00000000c54426f0}> (0x00000000c54426f0) 
thrown [s\open\src\hotspot\share\prims\jni.cpp, line 519]
Event: 0.150 Thread 0x0000026d65127bd0 Exception <a 'java/lang/ClassNotFoundException'{0x00000000c53471d8}: sun/awt/resources/spi/awtProvider> (0x00000000c53471d8) 
thrown [s\open\src\hotspot\share\classfile\systemDictionary.cpp, line 305]
Event: 0.172 Thread 0x0000026d65127bd0 Exception <a 'java/io/FileNotFoundException'{0x00000000c539dab0}> (0x00000000c539dab0) 
thrown [s\open\src\hotspot\share\prims\jni.cpp, line 519]
Event: 0.178 Thread 0x0000026d65127bd0 Exception <a 'java/io/FileNotFoundException'{0x00000000c53c7a40}> (0x00000000c53c7a40) 
thrown [s\open\src\hotspot\share\prims\jni.cpp, line 519]
Event: 0.245 Thread 0x0000026d65127bd0 Exception <a 'java/lang/NoSuchMethodError'{0x00000000c52e2398}: 'void java.lang.invoke.DirectMethodHandle$Holder.invokeSpecial(java.lang.Object, java.lang.Object, java.lang.Object)'> (0x00000000c52e2398) 
thrown [s\open\src\hotspot\share\interpreter\linkResolver.cpp, line 773]
Event: 0.253 Thread 0x0000026d65127bd0 Exception <a 'java/lang/NoSuchMethodError'{0x00000000c510d358}: 'java.lang.Object java.lang.invoke.DirectMethodHandle$Holder.newInvokeSpecial(java.lang.Object, java.lang.Object, java.lang.Object, java.lang.Object, java.lang.Object)'> (0x00000000c510d358) 
thrown [s\open\src\hotspot\share\interpreter\linkResolver.cpp, line 773]
Event: 0.259 Thread 0x0000026d65127bd0 Exception <a 'java/lang/NoSuchMethodError'{0x00000000c513dc00}: 'java.lang.Object java.lang.invoke.DirectMethodHandle$Holder.invokeStatic(java.lang.Object, int, java.lang.Object)'> (0x00000000c513dc00) 
thrown [s\open\src\hotspot\share\interpreter\linkResolver.cpp, line 773]
Event: 0.282 Thread 0x0000026d65127bd0 Exception <a 'java/lang/ClassNotFoundException'{0x00000000c51f91b0}: com/sun/swing/internal/plaf/metal/resources/spi/metalProvider> (0x00000000c51f91b0) 
thrown [s\open\src\hotspot\share\classfile\systemDictionary.cpp, line 305]
Event: 0.283 Thread 0x0000026d65127bd0 Exception <a 'java/lang/ClassNotFoundException'{0x00000000c51fd160}: com/sun/swing/internal/plaf/basic/resources/spi/basicProvider> (0x00000000c51fd160) 
thrown [s\open\src\hotspot\share\classfile\systemDictionary.cpp, line 305]
Event: 0.292 Thread 0x0000026d65127bd0 Exception <a 'java/lang/NoSuchMethodError'{0x00000000c501cd88}: 'int java.lang.invoke.Invokers$Holder.invokeExact_MT(java.lang.Object, java.lang.Object)'> (0x00000000c501cd88) 
thrown [s\open\src\hotspot\share\interpreter\linkResolver.cpp, line 773]

VM Operations (8 events):
Event: 0.104 Executing VM operation: HandshakeAllThreads
Event: 0.104 Executing VM operation: HandshakeAllThreads done
Event: 0.185 Executing VM operation: HandshakeAllThreads
Event: 0.185 Executing VM operation: HandshakeAllThreads done
Event: 0.294 Executing VM operation: HandshakeAllThreads
Event: 0.294 Executing VM operation: HandshakeAllThreads done
Event: 0.358 Executing VM operation: HandshakeAllThreads
Event: 0.358 Executing VM operation: HandshakeAllThreads done

Events (15 events):
Event: 0.020 Thread 0x0000026d65127bd0 Thread added: 0x0000026d65127bd0
Event: 0.036 Thread 0x0000026d7fb4b6d0 Thread added: 0x0000026d7fb4b6d0
Event: 0.036 Thread 0x0000026d7fb4c310 Thread added: 0x0000026d7fb4c310
Event: 0.037 Thread 0x0000026d7fb51350 Thread added: 0x0000026d7fb51350
Event: 0.037 Thread 0x0000026d7fb52ca0 Thread added: 0x0000026d7fb52ca0
Event: 0.037 Thread 0x0000026d7fb53920 Thread added: 0x0000026d7fb53920
Event: 0.037 Thread 0x0000026d7fb55670 Thread added: 0x0000026d7fb55670
Event: 0.037 Thread 0x0000026d7fb5f640 Thread added: 0x0000026d7fb5f640
Event: 0.037 Thread 0x0000026d7fb6a930 Thread added: 0x0000026d7fb6a930
Event: 0.086 Thread 0x0000026d7fb3c900 Thread added: 0x0000026d7fb3c900
Event: 0.119 Thread 0x0000026d0615a440 Thread added: 0x0000026d0615a440
Event: 0.214 Thread 0x0000026d06288770 Thread added: 0x0000026d06288770
Event: 0.216 Thread 0x0000026d062cd5b0 Thread added: 0x0000026d062cd5b0
Event: 0.217 Thread 0x0000026d062d09d0 Thread added: 0x0000026d062d09d0
Event: 0.307 Thread 0x0000026d0638c550 Thread added: 0x0000026d0638c550


Dynamic libraries:
0x00007ff7d05e0000 - 0x00007ff7d05f0000 	C:\Program Files\Java\jdk-20\bin\java.exe
0x00007ff985bb0000 - 0x00007ff985da8000 	C:\WINDOWS\SYSTEM32\ntdll.dll
0x00007ff984c20000 - 0x00007ff984cdd000 	C:\WINDOWS\System32\KERNEL32.DLL
0x00007ff9834d0000 - 0x00007ff9837c6000 	C:\WINDOWS\System32\KERNELBASE.dll
0x00007ff983b10000 - 0x00007ff983c10000 	C:\WINDOWS\System32\ucrtbase.dll
0x00007ff929950000 - 0x00007ff92996b000 	C:\Program Files\Java\jdk-20\bin\VCRUNTIME140.dll
0x00007ff973e00000 - 0x00007ff973e19000 	C:\Program Files\Java\jdk-20\bin\jli.dll
0x00007ff984490000 - 0x00007ff98453e000 	C:\WINDOWS\System32\ADVAPI32.dll
0x00007ff984670000 - 0x00007ff98470e000 	C:\WINDOWS\System32\msvcrt.dll
0x00007ff983c10000 - 0x00007ff983cac000 	C:\WINDOWS\System32\sechost.dll
0x00007ff984540000 - 0x00007ff984666000 	C:\WINDOWS\System32\RPCRT4.dll
0x00007ff984a80000 - 0x00007ff984c1e000 	C:\WINDOWS\System32\USER32.dll
0x00007ff983390000 - 0x00007ff9833b2000 	C:\WINDOWS\System32\win32u.dll
0x00007ff984f50000 - 0x00007ff984f7c000 	C:\WINDOWS\System32\GDI32.dll
0x00007ff9837d0000 - 0x00007ff9838ea000 	C:\WINDOWS\System32\gdi32full.dll
0x00007ff983430000 - 0x00007ff9834cd000 	C:\WINDOWS\System32\msvcp_win.dll
0x00007ff96b210000 - 0x00007ff96b4aa000 	C:\WINDOWS\WinSxS\amd64_microsoft.windows.common-controls_6595b64144ccf1df_6.0.19041.1110_none_60b5254171f9507e\COMCTL32.dll
0x00007ff97c860000 - 0x00007ff97c86a000 	C:\WINDOWS\SYSTEM32\VERSION.dll
0x00007ff985030000 - 0x00007ff985060000 	C:\WINDOWS\System32\IMM32.DLL
0x00007ff95c880000 - 0x00007ff95c88c000 	C:\Program Files\Java\jdk-20\bin\vcruntime140_1.dll
0x00007ff924890000 - 0x00007ff92491e000 	C:\Program Files\Java\jdk-20\bin\msvcp140.dll
0x00007ff925be0000 - 0x00007ff926877000 	C:\Program Files\Java\jdk-20\bin\server\jvm.dll
0x00007ff95cf80000 - 0x00007ff95cf89000 	C:\WINDOWS\SYSTEM32\WSOCK32.dll
0x00007ff965b30000 - 0x00007ff965b57000 	C:\WINDOWS\SYSTEM32\WINMM.dll
0x00007ff985a20000 - 0x00007ff985a8b000 	C:\WINDOWS\System32\WS2_32.dll
0x00007ff981b00000 - 0x00007ff981b12000 	C:\WINDOWS\SYSTEM32\kernel.appcore.dll
0x00007ff95c020000 - 0x00007ff95c02a000 	C:\Program Files\Java\jdk-20\bin\jimage.dll
0x00007ff981020000 - 0x00007ff981204000 	C:\WINDOWS\SYSTEM32\DBGHELP.DLL
0x00007ff966140000 - 0x00007ff966174000 	C:\WINDOWS\SYSTEM32\dbgcore.DLL
0x00007ff983a80000 - 0x00007ff983b02000 	C:\WINDOWS\System32\bcryptPrimitives.dll
0x00007ff9292b0000 - 0x00007ff9292d6000 	C:\Program Files\Java\jdk-20\bin\java.dll
0x00007ff925b00000 - 0x00007ff925bd7000 	C:\Program Files\Java\jdk-20\bin\jsvml.dll
0x00007ff983d40000 - 0x00007ff984485000 	C:\WINDOWS\System32\SHELL32.dll
0x00007ff981210000 - 0x00007ff9819ab000 	C:\WINDOWS\SYSTEM32\windows.storage.dll
0x00007ff985060000 - 0x00007ff9853b4000 	C:\WINDOWS\System32\combase.dll
0x00007ff982c00000 - 0x00007ff982c2e000 	C:\WINDOWS\SYSTEM32\Wldp.dll
0x00007ff984f80000 - 0x00007ff98502d000 	C:\WINDOWS\System32\SHCORE.dll
0x00007ff9854d0000 - 0x00007ff985525000 	C:\WINDOWS\System32\shlwapi.dll
0x00007ff9831c0000 - 0x00007ff9831e5000 	C:\WINDOWS\SYSTEM32\profapi.dll
0x00007ff925aa0000 - 0x00007ff925ab3000 	C:\Program Files\Java\jdk-20\bin\net.dll
0x00007ff97d5b0000 - 0x00007ff97d6ba000 	C:\WINDOWS\SYSTEM32\WINHTTP.dll
0x00007ff982960000 - 0x00007ff9829ca000 	C:\WINDOWS\system32\mswsock.dll
0x00007ff925a50000 - 0x00007ff925a66000 	C:\Program Files\Java\jdk-20\bin\nio.dll
0x00007ff925920000 - 0x00007ff925938000 	C:\Program Files\Java\jdk-20\bin\zip.dll
0x00007ff923e00000 - 0x00007ff923f91000 	C:\Program Files\Java\jdk-20\bin\awt.dll
0x00007ff984e20000 - 0x00007ff984eed000 	C:\WINDOWS\System32\OLEAUT32.dll
0x00007ff9807a0000 - 0x00007ff980831000 	C:\WINDOWS\SYSTEM32\apphelp.dll
0x00007ff980ba0000 - 0x00007ff980bcf000 	C:\WINDOWS\system32\DWMAPI.DLL
0x00007ff9808b0000 - 0x00007ff98094e000 	C:\WINDOWS\system32\uxtheme.dll
0x00007ff963320000 - 0x00007ff963445000 	C:\WINDOWS\system32\opengl32.dll
0x00007ff96bfc0000 - 0x00007ff96bfec000 	C:\WINDOWS\SYSTEM32\GLU32.dll
0x00007ff984d00000 - 0x00007ff984e14000 	C:\WINDOWS\System32\MSCTF.dll
0x00007ff9848c0000 - 0x00007ff9849ea000 	C:\WINDOWS\System32\ole32.dll
0x00007ff96bbf0000 - 0x00007ff96bc1e000 	C:\Program Files\Java\jdk-20\bin\javajpeg.dll

dbghelp: loaded successfully - version: 4.0.5 - missing functions: none
symbol engine: initialized successfully - sym options: 0x614 - pdb path: .;C:\Program Files\Java\jdk-20\bin;C:\WINDOWS\SYSTEM32;C:\WINDOWS\WinSxS\amd64_microsoft.windows.common-controls_6595b64144ccf1df_6.0.19041.1110_none_60b5254171f9507e;C:\Program Files\Java\jdk-20\bin\server

VM Arguments:
jvm_args: -Dfile.encoding=UTF-8 --module-path=C:\Users\admin\Desktop\New Web Development\1.Java\7.JavaProject\HotalManagement\build\classes 
java_command: hotalmanagement.Reception
java_class_path (initial): C:\Users\admin\Desktop\New Web Development\mysql-connector-j-8.0.33\mysql-connector-j-8.0.33.jar;C:\Users\admin\Desktop\New Web Development\1.Java\7.JavaProject\HotalManagement\build\classes
Launcher Type: SUN_STANDARD

[Global flags]
     intx CICompilerCount                          = 3                                         {product} {ergonomic}
     uint ConcGCThreads                            = 1                                         {product} {ergonomic}
     uint G1ConcRefinementThreads                  = 4                                         {product} {ergonomic}
   size_t G1HeapRegionSize                         = 1048576                                   {product} {ergonomic}
    uintx GCDrainStackTargetSize                   = 64                                        {product} {ergonomic}
   size_t InitialHeapSize                          = 67108864                                  {product} {ergonomic}
   size_t MarkStackSize                            = 4194304                                   {product} {ergonomic}
   size_t MaxHeapSize                              = 1050673152                                {product} {ergonomic}
   size_t MaxNewSize                               = 630194176                                 {product} {ergonomic}
   size_t MinHeapDeltaBytes                        = 1048576                                   {product} {ergonomic}
   size_t MinHeapSize                              = 8388608                                   {product} {ergonomic}
    uintx NonNMethodCodeHeapSize                   = 5832780                                {pd product} {ergonomic}
    uintx NonProfiledCodeHeapSize                  = 122912730                              {pd product} {ergonomic}
    uintx ProfiledCodeHeapSize                     = 122912730                              {pd product} {ergonomic}
    uintx ReservedCodeCacheSize                    = 251658240                              {pd product} {ergonomic}
     bool SegmentedCodeCache                       = true                                      {product} {ergonomic}
   size_t SoftMaxHeapSize                          = 1050673152                             {manageable} {ergonomic}
     bool UseCompressedClassPointers               = true                           {product lp64_product} {ergonomic}
     bool UseCompressedOops                        = true                           {product lp64_product} {ergonomic}
     bool UseG1GC                                  = true                                      {product} {ergonomic}
     bool UseLargePagesIndividualAllocation        = false                                  {pd product} {ergonomic}

Logging:
Log output configuration:
 #0: stdout all=warning uptime,level,tags foldmultilines=false
 #1: stderr all=off uptime,level,tags foldmultilines=false

Environment Variables:
JAVA_HOME=C:\Program Files\Java\jdk-20
PATH=C:\Program Files\Common Files\Oracle\Java\javapath;C:\Program Files (x86)\Common Files\Oracle\Java\javapath;C:\WINDOWS\system32;C:\WINDOWS;C:\WINDOWS\System32\Wbem;C:\WINDOWS\System32\WindowsPowerShell\v1.0\;C:\WINDOWS\System32\OpenSSH\;C:\Program Files\Java\jre-1.8\bin;C:\Program Files\nodejs\;C:\Program Files\MySQL\MySQL Shell 8.0\bin\;C:\Users\admin\AppData\Local\Microsoft\WindowsApps;C:\Users\admin\AppData\Local\Programs\Microsoft VS Code\bin;C:\Users\admin\AppData\Roaming\npm;C:\Users\admin\AppData\Local\GitHubDesktop\bin
USERNAME=admin
OS=Windows_NT
PROCESSOR_IDENTIFIER=Intel64 Family 6 Model 142 Stepping 10, GenuineIntel
TMP=C:\Users\admin\AppData\Local\Temp
TEMP=C:\Users\admin\AppData\Local\Temp




---------------  S Y S T E M  ---------------

OS:
 Windows 10 , 64 bit Build 19041 (10.0.19041.3393)
OS uptime: 0 days 22:47 hours

CPU: total 4 (initial active 4) (2 cores per cpu, 2 threads per core) family 6 model 142 stepping 10 microcode 0xe0, cx8, cmov, fxsr, ht, mmx, 3dnowpref, sse, sse2, sse3, ssse3, sse4.1, sse4.2, popcnt, lzcnt, tsc, tscinvbit, avx, avx2, aes, erms, clmul, bmi1, bmi2, adx, fma, vzeroupper, clflush, clflushopt, rdtscp, f16c

Memory: 4k page, system-wide physical 4007M (489M free)
TotalPageFile size 16295M (AvailPageFile size 3M)
current process WorkingSet (physical memory assigned to process): 52M, peak: 52M
current process commit charge ("private bytes"): 144M, peak: 144M

vm_info: Java HotSpot(TM) 64-Bit Server VM (20.0.1+9-29) for windows-amd64 JRE (20.0.1+9-29), built on 2023-03-07T13:56:11Z by "mach5one" with MS VC++ 17.1 (VS2022)

END.
